<?xml version='1.0' encoding='utf-8'?>
<testsuite name="apb_demux-full-regression" tests="13" failures="0" errors="0" skipped="0"><testcase id="TC.DFX.APB_DEMUX.01.001.ASSERT" name="TC.DFX.APB_DEMUX.01.001.ASSERT" /><testcase id="TC.FUNC.APB_DEMUX.01.001.DEC" name="TC.FUNC.APB_DEMUX.01.001.DEC" /><testcase id="TC.FUNC.APB_DEMUX.01.002.PARAM" name="TC.FUNC.APB_DEMUX.01.002.PARAM" /><testcase id="TC.FUNC.APB_DEMUX.02.001.PSEL" name="TC.FUNC.APB_DEMUX.02.001.PSEL" /><testcase id="TC.FUNC.APB_DEMUX.03.001.WAIT" name="TC.FUNC.APB_DEMUX.03.001.WAIT" /><testcase id="TC.FUNC.APB_DEMUX.04.001.ERR" name="TC.FUNC.APB_DEMUX.04.001.ERR" /><testcase id="TC.FUNC.APB_DEMUX.05.001.MISS" name="TC.FUNC.APB_DEMUX.05.001.MISS" /><testcase id="TC.FUNC.APB_DEMUX.06.001.REMAP" name="TC.FUNC.APB_DEMUX.06.001.REMAP" /><testcase id="TC.FUNC.APB_DEMUX.07.001.TOUT" name="TC.FUNC.APB_DEMUX.07.001.TOUT" /><testcase id="TC.FUNC.APB_DEMUX.08.001.OREG" name="TC.FUNC.APB_DEMUX.08.001.OREG" /><testcase id="TC.INTF.APB_DEMUX.01.001.SAN" name="TC.INTF.APB_DEMUX.01.001.SAN" /><testcase id="TC.INTF.APB_DEMUX.01.002.APB4" name="TC.INTF.APB_DEMUX.01.002.APB4" /><testcase id="TC.RESET.APB_DEMUX.01.001.RST" name="TC.RESET.APB_DEMUX.01.001.RST" /></testsuite>
