<?xml version='1.0' encoding='utf-8'?>
<testsuite name="spi_master" tests="53" failures="0"><testcase id="TC.SPI_MASTER.APB.001" name="TC.SPI_MASTER.APB.001" classname="small.seed1" time="7.5326093171024695" /><testcase id="TC.SPI_MASTER.MODES.001" name="TC.SPI_MASTER.MODES.001" classname="small.seed1" time="6.431506402906962" /><testcase id="TC.SPI_MASTER.COMMANDS.001" name="TC.SPI_MASTER.COMMANDS.001" classname="small.seed1" time="5.476377474027686" /><testcase id="TC.SPI_MASTER.FIFO_STALL.001" name="TC.SPI_MASTER.FIFO_STALL.001" classname="small.seed1" time="8.48592191899661" /><testcase id="TC.SPI_MASTER.RECOVERY.001" name="TC.SPI_MASTER.RECOVERY.001" classname="small.seed1" time="6.481069891015068" /><testcase id="TC.SPI_MASTER.IRQ.001" name="TC.SPI_MASTER.IRQ.001" classname="small.seed1" time="10.438894269056618" /><testcase id="TC.SPI_MASTER.EXTENDED.001" name="TC.SPI_MASTER.EXTENDED.001" classname="small.seed1" time="11.240614886046387" /><testcase id="TC.SPI_MASTER.RANDOM.001" name="TC.SPI_MASTER.RANDOM.001" classname="small.seed1" time="8.034243657020852" /><testcase id="TC.SPI_MASTER.RACES.001" name="TC.SPI_MASTER.RACES.001" classname="small.seed1" time="5.4778353029396385" /><testcase id="TC.SPI_MASTER.APB.001" name="TC.SPI_MASTER.APB.001" classname="default.seed1" time="5.528812243021093" /><testcase id="TC.SPI_MASTER.MODES.001" name="TC.SPI_MASTER.MODES.001" classname="default.seed1" time="7.43243927101139" /><testcase id="TC.SPI_MASTER.COMMANDS.001" name="TC.SPI_MASTER.COMMANDS.001" classname="default.seed1" time="5.477260102983564" /><testcase id="TC.SPI_MASTER.FIFO_STALL.001" name="TC.SPI_MASTER.FIFO_STALL.001" classname="default.seed1" time="7.582979305065237" /><testcase id="TC.SPI_MASTER.RECOVERY.001" name="TC.SPI_MASTER.RECOVERY.001" classname="default.seed1" time="8.48577482206747" /><testcase id="TC.SPI_MASTER.IRQ.001" name="TC.SPI_MASTER.IRQ.001" classname="default.seed1" time="10.441204243921675" /><testcase id="TC.SPI_MASTER.EXTENDED.001" name="TC.SPI_MASTER.EXTENDED.001" classname="default.seed1" time="15.508493202971295" /><testcase id="TC.SPI_MASTER.RANDOM.001" name="TC.SPI_MASTER.RANDOM.001" classname="default.seed1" time="7.032945153070614" /><testcase id="TC.SPI_MASTER.RACES.001" name="TC.SPI_MASTER.RACES.001" classname="default.seed1" time="5.47814500099048" /><testcase id="TC.SPI_MASTER.RANDOM.001" name="TC.SPI_MASTER.RANDOM.001" classname="default.seed17" time="9.28722651489079" /><testcase id="TC.SPI_MASTER.RANDOM.001" name="TC.SPI_MASTER.RANDOM.001" classname="default.seed101" time="8.436680793995038" /><testcase id="TC.SPI_MASTER.RANDOM.001" name="TC.SPI_MASTER.RANDOM.001" classname="default.seed2026" time="6.784127857070416" /><testcase id="TC.SPI_MASTER.APB.001" name="TC.SPI_MASTER.APB.001" classname="max.seed1" time="6.530691560939886" /><testcase id="TC.SPI_MASTER.MODES.001" name="TC.SPI_MASTER.MODES.001" classname="max.seed1" time="7.433168168994598" /><testcase id="TC.SPI_MASTER.COMMANDS.001" name="TC.SPI_MASTER.COMMANDS.001" classname="max.seed1" time="7.4824423239333555" /><testcase id="TC.SPI_MASTER.FIFO_STALL.001" name="TC.SPI_MASTER.FIFO_STALL.001" classname="max.seed1" time="10.39116478501819" /><testcase id="TC.SPI_MASTER.RECOVERY.001" name="TC.SPI_MASTER.RECOVERY.001" classname="max.seed1" time="5.47713948704768" /><testcase id="TC.SPI_MASTER.IRQ.001" name="TC.SPI_MASTER.IRQ.001" classname="max.seed1" time="10.439004890038632" /><testcase id="TC.SPI_MASTER.EXTENDED.001" name="TC.SPI_MASTER.EXTENDED.001" classname="max.seed1" time="13.948618563008495" /><testcase id="TC.SPI_MASTER.RANDOM.001" name="TC.SPI_MASTER.RANDOM.001" classname="max.seed1" time="7.281564524048008" /><testcase id="TC.SPI_MASTER.RACES.001" name="TC.SPI_MASTER.RACES.001" classname="max.seed1" time="5.526601128978655" /><testcase id="TC.SPI_MASTER.APB.001" name="TC.SPI_MASTER.APB.001" classname="asymmetric.seed1" time="8.487590452074073" /><testcase id="TC.SPI_MASTER.MODES.001" name="TC.SPI_MASTER.MODES.001" classname="asymmetric.seed1" time="8.48625809897203" /><testcase id="TC.SPI_MASTER.COMMANDS.001" name="TC.SPI_MASTER.COMMANDS.001" classname="asymmetric.seed1" time="10.438261946896091" /><testcase id="TC.SPI_MASTER.FIFO_STALL.001" name="TC.SPI_MASTER.FIFO_STALL.001" classname="asymmetric.seed1" time="8.484483274049126" /><testcase id="TC.SPI_MASTER.RECOVERY.001" name="TC.SPI_MASTER.RECOVERY.001" classname="asymmetric.seed1" time="7.482653793995269" /><testcase id="TC.SPI_MASTER.IRQ.001" name="TC.SPI_MASTER.IRQ.001" classname="asymmetric.seed1" time="5.427685325965285" /><testcase id="TC.SPI_MASTER.EXTENDED.001" name="TC.SPI_MASTER.EXTENDED.001" classname="asymmetric.seed1" time="14.24952181999106" /><testcase id="TC.SPI_MASTER.RANDOM.001" name="TC.SPI_MASTER.RANDOM.001" classname="asymmetric.seed1" time="11.292152300011367" /><testcase id="TC.SPI_MASTER.RACES.001" name="TC.SPI_MASTER.RACES.001" classname="asymmetric.seed1" time="8.48582958499901" /><testcase id="UT.SPI_MASTER.queues" name="UT.SPI_MASTER.queues" classname="standalone" time="0" /><testcase id="UT.SPI_MASTER.engine" name="UT.SPI_MASTER.engine" classname="standalone" time="0" /><testcase id="PARAM.SPI_MASTER.NUM_CS.0" name="PARAM.SPI_MASTER.NUM_CS.0" classname="standalone" time="0" /><testcase id="PARAM.SPI_MASTER.NUM_CS.9" name="PARAM.SPI_MASTER.NUM_CS.9" classname="standalone" time="0" /><testcase id="PARAM.SPI_MASTER.TX_FIFO_DEPTH.3" name="PARAM.SPI_MASTER.TX_FIFO_DEPTH.3" classname="standalone" time="0" /><testcase id="PARAM.SPI_MASTER.TX_FIFO_DEPTH.5" name="PARAM.SPI_MASTER.TX_FIFO_DEPTH.5" classname="standalone" time="0" /><testcase id="PARAM.SPI_MASTER.TX_FIFO_DEPTH.512" name="PARAM.SPI_MASTER.TX_FIFO_DEPTH.512" classname="standalone" time="0" /><testcase id="PARAM.SPI_MASTER.RX_FIFO_DEPTH.3" name="PARAM.SPI_MASTER.RX_FIFO_DEPTH.3" classname="standalone" time="0" /><testcase id="PARAM.SPI_MASTER.RX_FIFO_DEPTH.5" name="PARAM.SPI_MASTER.RX_FIFO_DEPTH.5" classname="standalone" time="0" /><testcase id="PARAM.SPI_MASTER.RX_FIFO_DEPTH.512" name="PARAM.SPI_MASTER.RX_FIFO_DEPTH.512" classname="standalone" time="0" /><testcase id="PARAM.SPI_MASTER.CMD_FIFO_DEPTH.1" name="PARAM.SPI_MASTER.CMD_FIFO_DEPTH.1" classname="standalone" time="0" /><testcase id="PARAM.SPI_MASTER.CMD_FIFO_DEPTH.3" name="PARAM.SPI_MASTER.CMD_FIFO_DEPTH.3" classname="standalone" time="0" /><testcase id="PARAM.SPI_MASTER.CMD_FIFO_DEPTH.32" name="PARAM.SPI_MASTER.CMD_FIFO_DEPTH.32" classname="standalone" time="0" /><testcase id="TC.SPI_MASTER.DELIVERY.001" name="TC.SPI_MASTER.DELIVERY.001" classname="static_and_c_driver" time="0" /></testsuite>