<?xml version='1.0' encoding='utf-8'?>
<testsuite name="axi_mpu-full-regression" tests="14" failures="0" errors="0" skipped="0"><testcase id="TC.AXI_MPU.BURST.001" name="TC.AXI_MPU.BURST.001" /><testcase id="TC.AXI_MPU.DEFAULT_DENY.001" name="TC.AXI_MPU.DEFAULT_DENY.001" /><testcase id="TC.AXI_MPU.ERR_RESP.001" name="TC.AXI_MPU.ERR_RESP.001" /><testcase id="TC.AXI_MPU.LOCK.001" name="TC.AXI_MPU.LOCK.001" /><testcase id="TC.AXI_MPU.MASTER.001" name="TC.AXI_MPU.MASTER.001" /><testcase id="TC.AXI_MPU.OP.001" name="TC.AXI_MPU.OP.001" /><testcase id="TC.AXI_MPU.OUTSTANDING.001" name="TC.AXI_MPU.OUTSTANDING.001" /><testcase id="TC.AXI_MPU.PRIVILEGE.001" name="TC.AXI_MPU.PRIVILEGE.001" /><testcase id="TC.AXI_MPU.RANDOM.001" name="TC.AXI_MPU.RANDOM.001" /><testcase id="TC.AXI_MPU.REGION.001" name="TC.AXI_MPU.REGION.001" /><testcase id="TC.AXI_MPU.RESET.001" name="TC.AXI_MPU.RESET.001" /><testcase id="TC.AXI_MPU.SECURITY.001" name="TC.AXI_MPU.SECURITY.001" /><testcase id="TC.AXI_MPU.SMOKE.001" name="TC.AXI_MPU.SMOKE.001" /><testcase id="TC.AXI_MPU.VIOLATION.001" name="TC.AXI_MPU.VIOLATION.001" /></testsuite>
