<?xml version="1.0" encoding="UTF-8"?>
<testsuites tests="7" failures="0" errors="0" skipped="0">
  <testsuite name="uart_smoke" tests="7" failures="0" errors="0" skipped="0">
    <testcase id="TC.INTF.UART.01.001.SMOKE" name="tc_uart_smoke" classname="tc_uart_smoke" time="0.02"/>
    <testcase id="TC.FUNC.UART.01.002.TXRX" name="tc_uart_tx_rx" classname="tc_uart_tx_rx" time="0.02"/>
    <testcase id="TC.FUNC.UART.01.003.ERR" name="tc_uart_error" classname="tc_uart_error" time="0.02"/>
    <testcase id="TC.FUNC.UART.01.004.FIFO" name="tc_uart_fifo" classname="tc_uart_fifo" time="0.02"/>
    <testcase id="TC.REG.UART.01.005.CSR" name="tc_uart_csr" classname="tc_uart_csr" time="0.02"/>
    <testcase id="TC.PERF.UART.01.006.PERF" name="tc_uart_perf" classname="tc_uart_perf" time="0.02"/>
    <testcase id="TC.SAFE.UART.01.007.ALERT" name="tc_uart_alert" classname="tc_uart_alert" time="0.02"/>
  </testsuite>
</testsuites>
