<?xml version='1.0' encoding='utf-8'?>
<testsuite name="gpio-full-regression" tests="15" failures="0" errors="0" skipped="0"><testcase id="TC.GPIO.AON.001" name="TC.GPIO.AON.001" /><testcase id="TC.GPIO.APB.001" name="TC.GPIO.APB.001" /><testcase id="TC.GPIO.CAPTURE.001" name="TC.GPIO.CAPTURE.001" /><testcase id="TC.GPIO.CONFIG.001" name="TC.GPIO.CONFIG.001" /><testcase id="TC.GPIO.DELIVERY.001" name="TC.GPIO.DELIVERY.001" /><testcase id="TC.GPIO.DIAG.001" name="TC.GPIO.DIAG.001" /><testcase id="TC.GPIO.FIFO.001" name="TC.GPIO.FIFO.001" /><testcase id="TC.GPIO.FILTER.001" name="TC.GPIO.FILTER.001" /><testcase id="TC.GPIO.INPUT.001" name="TC.GPIO.INPUT.001" /><testcase id="TC.GPIO.IRQ.001" name="TC.GPIO.IRQ.001" /><testcase id="TC.GPIO.LOWPOWER.001" name="TC.GPIO.LOWPOWER.001" /><testcase id="TC.GPIO.OUTPUT.001" name="TC.GPIO.OUTPUT.001" /><testcase id="TC.GPIO.PARITY.001" name="TC.GPIO.PARITY.001" /><testcase id="TC.GPIO.RESET.001" name="TC.GPIO.RESET.001" /><testcase id="TC.GPIO.SECURITY.001" name="TC.GPIO.SECURITY.001" /></testsuite>
