<?xml version='1.0' encoding='utf-8'?>
<testsuite name="spi_master" tests="9" failures="0"><testcase name="tc_spi_apb" classname="default" time="5.528812243021093" /><testcase name="tc_spi_modes" classname="default" time="7.43243927101139" /><testcase name="tc_spi_commands" classname="default" time="5.477260102983564" /><testcase name="tc_spi_fifo_stall" classname="default" time="7.582979305065237" /><testcase name="tc_spi_recovery" classname="default" time="8.48577482206747" /><testcase name="tc_spi_irq" classname="default" time="10.441204243921675" /><testcase name="tc_spi_extended" classname="default" time="15.508493202971295" /><testcase name="tc_spi_random" classname="default" time="7.032945153070614" /><testcase name="tc_spi_races" classname="default" time="5.47814500099048" /></testsuite>