<?xml version='1.0' encoding='utf-8'?>
<testsuite name="spi_master" tests="9" failures="0"><testcase name="tc_spi_apb" classname="small" time="7.5326093171024695" /><testcase name="tc_spi_modes" classname="small" time="6.431506402906962" /><testcase name="tc_spi_commands" classname="small" time="5.476377474027686" /><testcase name="tc_spi_fifo_stall" classname="small" time="8.48592191899661" /><testcase name="tc_spi_recovery" classname="small" time="6.481069891015068" /><testcase name="tc_spi_irq" classname="small" time="10.438894269056618" /><testcase name="tc_spi_extended" classname="small" time="11.240614886046387" /><testcase name="tc_spi_random" classname="small" time="8.034243657020852" /><testcase name="tc_spi_races" classname="small" time="5.4778353029396385" /></testsuite>