<?xml version='1.0' encoding='utf-8'?>
<testsuite name="spi_master" tests="9" failures="0"><testcase name="tc_spi_apb" classname="asymmetric" time="8.487590452074073" /><testcase name="tc_spi_modes" classname="asymmetric" time="8.48625809897203" /><testcase name="tc_spi_commands" classname="asymmetric" time="10.438261946896091" /><testcase name="tc_spi_fifo_stall" classname="asymmetric" time="8.484483274049126" /><testcase name="tc_spi_recovery" classname="asymmetric" time="7.482653793995269" /><testcase name="tc_spi_irq" classname="asymmetric" time="5.427685325965285" /><testcase name="tc_spi_extended" classname="asymmetric" time="14.24952181999106" /><testcase name="tc_spi_random" classname="asymmetric" time="11.292152300011367" /><testcase name="tc_spi_races" classname="asymmetric" time="8.48582958499901" /></testsuite>