<?xml version='1.0' encoding='utf-8'?>
<testsuite name="spi_master" tests="9" failures="0"><testcase name="tc_spi_apb" classname="max" time="6.530691560939886" /><testcase name="tc_spi_modes" classname="max" time="7.433168168994598" /><testcase name="tc_spi_commands" classname="max" time="7.4824423239333555" /><testcase name="tc_spi_fifo_stall" classname="max" time="10.39116478501819" /><testcase name="tc_spi_recovery" classname="max" time="5.47713948704768" /><testcase name="tc_spi_irq" classname="max" time="10.439004890038632" /><testcase name="tc_spi_extended" classname="max" time="13.948618563008495" /><testcase name="tc_spi_random" classname="max" time="7.281564524048008" /><testcase name="tc_spi_races" classname="max" time="5.526601128978655" /></testsuite>